<?xml version="1.0" encoding="UTF-8"?>
<beans xmlns="http://www.springframework.org/schema/beans"
       xmlns:xsi="http://www.w3.org/2001/XMLSchema-instance" xmlns:util="http://www.springframework.org/schema/util"
       xmlns:p="http://www.springframework.org/schema/p" xmlns:lang="http://www.springframework.org/schema/lang"
       xmlns:context="http://www.springframework.org/schema/context" xmlns:c="http://www.springframework.org/schema/c"
       xsi:schemaLocation="http://www.springframework.org/schema/lang http://www.springframework.org/schema/lang/spring-lang-3.1.xsd
		http://www.springframework.org/schema/beans http://www.springframework.org/schema/beans/spring-beans-3.1.xsd
		http://www.springframework.org/schema/util http://www.springframework.org/schema/util/spring-util-3.1.xsd
		http://www.springframework.org/schema/context http://www.springframework.org/schema/context/spring-context-3.1.xsd">

    <context:annotation-config />

    <!-- Gets target URLs -->
    <context:component-scan base-package="testing" />

    <context:property-placeholder
            ignore-resource-not-found="true"
            location="classpath:/spring/test-defaults.properties,file:/etc/avail/test/emarkjs-test.properties" />

    <beans profile="saucelabs">
        <bean id="webdriver" class="com.saucelabs.selenium.client.factory.SeleniumFactory" factory-method="createWebDriver" destroy-method="quit" />
    </beans>
    <beans profile="default">
        <bean id="defaultdriver" class="org.openqa.selenium.firefox.FirefoxDriver" destroy-method="quit" />
    </beans>
    <beans profile="chrome">
        <bean id="chromedriver" class="org.openqa.selenium.chrome.ChromeDriver" destroy-method="quit" />
    </beans>

</beans>
